Performing C SOURCE FILE Test C_SUPPORTS_WERROR_UNGUARDED_AVAILABILITY_NEW failed with the following output:
Change Dir: /home/lmz/cs544/WPL/build/CMakeFiles/CMakeTmp

Run Build Command(s):/usr/bin/gmake -f Makefile cmTC_82d99/fast && /usr/bin/gmake  -f CMakeFiles/cmTC_82d99.dir/build.make CMakeFiles/cmTC_82d99.dir/build
gmake[1]: Entering directory '/home/lmz/cs544/WPL/build/CMakeFiles/CMakeTmp'
Building C object CMakeFiles/cmTC_82d99.dir/src.c.o
/usr/bin/cc -DC_SUPPORTS_WERROR_UNGUARDED_AVAILABILITY_NEW  -fPIC -fno-semantic-interposition -Werror=date-time    -Werror -Werror=unguarded-availability-new -o CMakeFiles/cmTC_82d99.dir/src.c.o -c /home/lmz/cs544/WPL/build/CMakeFiles/CMakeTmp/src.c
cc1: error: '-Werror=unguarded-availability-new': no option '-Wunguarded-availability-new'
gmake[1]: *** [CMakeFiles/cmTC_82d99.dir/build.make:78: CMakeFiles/cmTC_82d99.dir/src.c.o] Error 1
gmake[1]: Leaving directory '/home/lmz/cs544/WPL/build/CMakeFiles/CMakeTmp'
gmake: *** [Makefile:127: cmTC_82d99/fast] Error 2


Source file was:
int main(void) { return 0; }
Performing C++ SOURCE FILE Test CXX_SUPPORTS_WERROR_UNGUARDED_AVAILABILITY_NEW failed with the following output:
Change Dir: /home/lmz/cs544/WPL/build/CMakeFiles/CMakeTmp

Run Build Command(s):/usr/bin/gmake -f Makefile cmTC_833c6/fast && /usr/bin/gmake  -f CMakeFiles/cmTC_833c6.dir/build.make CMakeFiles/cmTC_833c6.dir/build
gmake[1]: Entering directory '/home/lmz/cs544/WPL/build/CMakeFiles/CMakeTmp'
Building CXX object CMakeFiles/cmTC_833c6.dir/src.cxx.o
/usr/bin/c++ -DCXX_SUPPORTS_WERROR_UNGUARDED_AVAILABILITY_NEW  -fPIC -fno-semantic-interposition -fvisibility-inlines-hidden -Werror=date-time    -Werror -Werror=unguarded-availability-new -std=gnu++17 -o CMakeFiles/cmTC_833c6.dir/src.cxx.o -c /home/lmz/cs544/WPL/build/CMakeFiles/CMakeTmp/src.cxx
cc1plus: error: '-Werror=unguarded-availability-new': no option '-Wunguarded-availability-new'
gmake[1]: *** [CMakeFiles/cmTC_833c6.dir/build.make:78: CMakeFiles/cmTC_833c6.dir/src.cxx.o] Error 1
gmake[1]: Leaving directory '/home/lmz/cs544/WPL/build/CMakeFiles/CMakeTmp'
gmake: *** [Makefile:127: cmTC_833c6/fast] Error 2


Source file was:
int main() { return 0; }
Performing C SOURCE FILE Test C_SUPPORTS_COVERED_SWITCH_DEFAULT_FLAG failed with the following output:
Change Dir: /home/lmz/cs544/WPL/build/CMakeFiles/CMakeTmp

Run Build Command(s):/usr/bin/gmake -f Makefile cmTC_5c08b/fast && /usr/bin/gmake  -f CMakeFiles/cmTC_5c08b.dir/build.make CMakeFiles/cmTC_5c08b.dir/build
gmake[1]: Entering directory '/home/lmz/cs544/WPL/build/CMakeFiles/CMakeTmp'
Building C object CMakeFiles/cmTC_5c08b.dir/src.c.o
/usr/bin/cc -DC_SUPPORTS_COVERED_SWITCH_DEFAULT_FLAG  -fPIC -fno-semantic-interposition -Werror=date-time -Wall -Wextra -Wno-unused-parameter -Wwrite-strings -Wno-missing-field-initializers -Wimplicit-fallthrough    -Werror -Wcovered-switch-default -o CMakeFiles/cmTC_5c08b.dir/src.c.o -c /home/lmz/cs544/WPL/build/CMakeFiles/CMakeTmp/src.c
cc: error: unrecognized command-line option '-Wcovered-switch-default'; did you mean '-Wno-switch-default'?
gmake[1]: *** [CMakeFiles/cmTC_5c08b.dir/build.make:78: CMakeFiles/cmTC_5c08b.dir/src.c.o] Error 1
gmake[1]: Leaving directory '/home/lmz/cs544/WPL/build/CMakeFiles/CMakeTmp'
gmake: *** [Makefile:127: cmTC_5c08b/fast] Error 2


Source file was:
int main(void) { return 0; }
Performing C++ SOURCE FILE Test CXX_SUPPORTS_COVERED_SWITCH_DEFAULT_FLAG failed with the following output:
Change Dir: /home/lmz/cs544/WPL/build/CMakeFiles/CMakeTmp

Run Build Command(s):/usr/bin/gmake -f Makefile cmTC_eac5b/fast && /usr/bin/gmake  -f CMakeFiles/cmTC_eac5b.dir/build.make CMakeFiles/cmTC_eac5b.dir/build
gmake[1]: Entering directory '/home/lmz/cs544/WPL/build/CMakeFiles/CMakeTmp'
Building CXX object CMakeFiles/cmTC_eac5b.dir/src.cxx.o
/usr/bin/c++ -DCXX_SUPPORTS_COVERED_SWITCH_DEFAULT_FLAG  -fPIC -fno-semantic-interposition -fvisibility-inlines-hidden -Werror=date-time -Wall -Wextra -Wno-unused-parameter -Wwrite-strings -Wcast-qual -Wno-missing-field-initializers -Wimplicit-fallthrough    -Werror -Wcovered-switch-default -std=gnu++17 -o CMakeFiles/cmTC_eac5b.dir/src.cxx.o -c /home/lmz/cs544/WPL/build/CMakeFiles/CMakeTmp/src.cxx
c++: error: unrecognized command-line option '-Wcovered-switch-default'; did you mean '-Wno-switch-default'?
gmake[1]: *** [CMakeFiles/cmTC_eac5b.dir/build.make:78: CMakeFiles/cmTC_eac5b.dir/src.cxx.o] Error 1
gmake[1]: Leaving directory '/home/lmz/cs544/WPL/build/CMakeFiles/CMakeTmp'
gmake: *** [Makefile:127: cmTC_eac5b/fast] Error 2


Source file was:
int main() { return 0; }
Performing C++ SOURCE FILE Test CXX_WONT_WARN_ON_FINAL_NONVIRTUALDTOR failed with the following output:
Change Dir: /home/lmz/cs544/WPL/build/CMakeFiles/CMakeTmp

Run Build Command(s):/usr/bin/gmake -f Makefile cmTC_f38bf/fast && /usr/bin/gmake  -f CMakeFiles/cmTC_f38bf.dir/build.make CMakeFiles/cmTC_f38bf.dir/build
gmake[1]: Entering directory '/home/lmz/cs544/WPL/build/CMakeFiles/CMakeTmp'
Building CXX object CMakeFiles/cmTC_f38bf.dir/src.cxx.o
/usr/bin/c++ -DCXX_WONT_WARN_ON_FINAL_NONVIRTUALDTOR  -fPIC -fno-semantic-interposition -fvisibility-inlines-hidden -Werror=date-time -Wall -Wextra -Wno-unused-parameter -Wwrite-strings -Wcast-qual -Wno-missing-field-initializers -Wimplicit-fallthrough -Wno-class-memaccess -Wno-redundant-move -Wno-pessimizing-move -Wno-noexcept-type  -Werror=non-virtual-dtor -std=gnu++17 -o CMakeFiles/cmTC_f38bf.dir/src.cxx.o -c /home/lmz/cs544/WPL/build/CMakeFiles/CMakeTmp/src.cxx
/home/lmz/cs544/WPL/build/CMakeFiles/CMakeTmp/src.cxx:2:36: error: ‘class base’ has virtual functions and accessible non-virtual destructor [-Werror=non-virtual-dtor]
    2 |                              class base {friend f; public: virtual void anchor();protected: ~base();};
      |                                    ^~~~
cc1plus: some warnings being treated as errors
gmake[1]: *** [CMakeFiles/cmTC_f38bf.dir/build.make:78: CMakeFiles/cmTC_f38bf.dir/src.cxx.o] Error 1
gmake[1]: Leaving directory '/home/lmz/cs544/WPL/build/CMakeFiles/CMakeTmp'
gmake: *** [Makefile:127: cmTC_f38bf/fast] Error 2


Source file was:
class f {};
                             class base {friend f; public: virtual void anchor();protected: ~base();};
                             int main() { return 0; }
Performing C SOURCE FILE Test C_WCOMMENT_ALLOWS_LINE_WRAP failed with the following output:
Change Dir: /home/lmz/cs544/WPL/build/CMakeFiles/CMakeTmp

Run Build Command(s):/usr/bin/gmake -f Makefile cmTC_c85a0/fast && /usr/bin/gmake  -f CMakeFiles/cmTC_c85a0.dir/build.make CMakeFiles/cmTC_c85a0.dir/build
gmake[1]: Entering directory '/home/lmz/cs544/WPL/build/CMakeFiles/CMakeTmp'
Building C object CMakeFiles/cmTC_c85a0.dir/src.c.o
/usr/bin/cc -DC_WCOMMENT_ALLOWS_LINE_WRAP  -fPIC -fno-semantic-interposition -Werror=date-time -Wall -Wextra -Wno-unused-parameter -Wwrite-strings -Wno-missing-field-initializers -Wimplicit-fallthrough  -Werror -Wcomment -o CMakeFiles/cmTC_c85a0.dir/src.c.o -c /home/lmz/cs544/WPL/build/CMakeFiles/CMakeTmp/src.c
/home/lmz/cs544/WPL/build/CMakeFiles/CMakeTmp/src.c:1:1: error: multi-line comment [-Werror=comment]
    1 | // \
      | ^
cc1: all warnings being treated as errors
gmake[1]: *** [CMakeFiles/cmTC_c85a0.dir/build.make:78: CMakeFiles/cmTC_c85a0.dir/src.c.o] Error 1
gmake[1]: Leaving directory '/home/lmz/cs544/WPL/build/CMakeFiles/CMakeTmp'
gmake: *** [Makefile:127: cmTC_c85a0/fast] Error 2


Source file was:
// \
//
int main() {return 0;}
Performing C SOURCE FILE Test C_SUPPORTS_STRING_CONVERSION_FLAG failed with the following output:
Change Dir: /home/lmz/cs544/WPL/build/CMakeFiles/CMakeTmp

Run Build Command(s):/usr/bin/gmake -f Makefile cmTC_bbae9/fast && /usr/bin/gmake  -f CMakeFiles/cmTC_bbae9.dir/build.make CMakeFiles/cmTC_bbae9.dir/build
gmake[1]: Entering directory '/home/lmz/cs544/WPL/build/CMakeFiles/CMakeTmp'
Building C object CMakeFiles/cmTC_bbae9.dir/src.c.o
/usr/bin/cc -DC_SUPPORTS_STRING_CONVERSION_FLAG  -fPIC -fno-semantic-interposition -Werror=date-time -Wall -Wextra -Wno-unused-parameter -Wwrite-strings -Wno-missing-field-initializers -Wimplicit-fallthrough -Wno-comment    -Werror -Wstring-conversion -o CMakeFiles/cmTC_bbae9.dir/src.c.o -c /home/lmz/cs544/WPL/build/CMakeFiles/CMakeTmp/src.c
cc: error: unrecognized command-line option '-Wstring-conversion'; did you mean '-Wsign-conversion'?
gmake[1]: *** [CMakeFiles/cmTC_bbae9.dir/build.make:78: CMakeFiles/cmTC_bbae9.dir/src.c.o] Error 1
gmake[1]: Leaving directory '/home/lmz/cs544/WPL/build/CMakeFiles/CMakeTmp'
gmake: *** [Makefile:127: cmTC_bbae9/fast] Error 2


Source file was:
int main(void) { return 0; }
Performing C++ SOURCE FILE Test CXX_SUPPORTS_STRING_CONVERSION_FLAG failed with the following output:
Change Dir: /home/lmz/cs544/WPL/build/CMakeFiles/CMakeTmp

Run Build Command(s):/usr/bin/gmake -f Makefile cmTC_c77f3/fast && /usr/bin/gmake  -f CMakeFiles/cmTC_c77f3.dir/build.make CMakeFiles/cmTC_c77f3.dir/build
gmake[1]: Entering directory '/home/lmz/cs544/WPL/build/CMakeFiles/CMakeTmp'
Building CXX object CMakeFiles/cmTC_c77f3.dir/src.cxx.o
/usr/bin/c++ -DCXX_SUPPORTS_STRING_CONVERSION_FLAG  -fPIC -fno-semantic-interposition -fvisibility-inlines-hidden -Werror=date-time -Wall -Wextra -Wno-unused-parameter -Wwrite-strings -Wcast-qual -Wno-missing-field-initializers -Wimplicit-fallthrough -Wno-class-memaccess -Wno-redundant-move -Wno-pessimizing-move -Wno-noexcept-type -Wdelete-non-virtual-dtor -Wsuggest-override -Wno-comment    -Werror -Wstring-conversion -std=gnu++17 -o CMakeFiles/cmTC_c77f3.dir/src.cxx.o -c /home/lmz/cs544/WPL/build/CMakeFiles/CMakeTmp/src.cxx
c++: error: unrecognized command-line option '-Wstring-conversion'; did you mean '-Wsign-conversion'?
gmake[1]: *** [CMakeFiles/cmTC_c77f3.dir/build.make:78: CMakeFiles/cmTC_c77f3.dir/src.cxx.o] Error 1
gmake[1]: Leaving directory '/home/lmz/cs544/WPL/build/CMakeFiles/CMakeTmp'
gmake: *** [Makefile:127: cmTC_c77f3/fast] Error 2


Source file was:
int main() { return 0; }
Determining if the os_signpost_interval_begin exist failed with the following output:
Change Dir: /home/lmz/cs544/WPL/build/CMakeFiles/CMakeTmp

Run Build Command(s):/usr/bin/gmake -f Makefile cmTC_d059d/fast && /usr/bin/gmake  -f CMakeFiles/cmTC_d059d.dir/build.make CMakeFiles/cmTC_d059d.dir/build
gmake[1]: Entering directory '/home/lmz/cs544/WPL/build/CMakeFiles/CMakeTmp'
Building C object CMakeFiles/cmTC_d059d.dir/CheckSymbolExists.c.o
/usr/bin/cc   -fPIC -fno-semantic-interposition -Wall -Wextra -Wno-unused-parameter -Wwrite-strings -Wno-missing-field-initializers -Wimplicit-fallthrough -Wno-comment -Wmisleading-indentation  -o CMakeFiles/cmTC_d059d.dir/CheckSymbolExists.c.o -c /home/lmz/cs544/WPL/build/CMakeFiles/CMakeTmp/CheckSymbolExists.c
/home/lmz/cs544/WPL/build/CMakeFiles/CMakeTmp/CheckSymbolExists.c:2:10: fatal error: os/signpost.h: No such file or directory
    2 | #include <os/signpost.h>
      |          ^~~~~~~~~~~~~~~
compilation terminated.
gmake[1]: *** [CMakeFiles/cmTC_d059d.dir/build.make:78: CMakeFiles/cmTC_d059d.dir/CheckSymbolExists.c.o] Error 1
gmake[1]: Leaving directory '/home/lmz/cs544/WPL/build/CMakeFiles/CMakeTmp'
gmake: *** [Makefile:127: cmTC_d059d/fast] Error 2


File /home/lmz/cs544/WPL/build/CMakeFiles/CMakeTmp/CheckSymbolExists.c:
/* */
#include <os/signpost.h>

int main(int argc, char** argv)
{
  (void)argv;
#ifndef os_signpost_interval_begin
  return ((int*)(&os_signpost_interval_begin))[argc];
#else
  (void)argc;
  return 0;
#endif
}
